#
# A fatal error has been detected by the Java Runtime Environment:
#
#  SIGSEGV (0xb) at pc=0x0000000101a6538c, pid=17759, tid=0x0000000000004803
#
# JRE version: OpenJDK Runtime Environment (8.0_152-b01) (build 1.8.0_152-release-1024-b01)
# Java VM: OpenJDK 64-Bit Server VM (25.152-b01 mixed mode bsd-amd64 compressed oops)
# Problematic frame:
# V  [libjvm.dylib+0x46538c]
#
# Failed to write core dump. Core dumps have been disabled. To enable core dumping, try "ulimit -c unlimited" before starting Java again
#
# If you would like to submit a bug report, please visit:
#   http://bugreport.java.com/bugreport/crash.jsp
#

---------------  T H R E A D  ---------------

Current thread (0x00007fc030801800):  JavaThread "C2 CompilerThread0" daemon [_thread_in_native, id=18435, stack(0x0000700000ef9000,0x0000700000ff9000)]

siginfo: si_signo: 11 (SIGSEGV), si_code: 1 (SEGV_MAPERR), si_addr: 0x00007dc0357d4e98

Registers:
RAX=0x0000000000000001, RBX=0x00007dc0357d4e70, RCX=0x00007fc0354733d8, RDX=0x00000000000000c0
RSP=0x0000700000ff5950, RBP=0x0000700000ff5a50, RSI=0x00007fc035473380, RDI=0x00007fc033dd1450
R8 =0x00007fc033dd1450, R9 =0x00007fc033dd1410, R10=0x00007fc033dd1410, R11=0x00007fc033dd1450
R12=0x0000000000000006, R13=0x0000700000ff72b8, R14=0x00000000000007ec, R15=0x0000000000000001
RIP=0x0000000101a6538c, EFLAGS=0x0000000000010202, ERR=0x0000000000000004
  TRAPNO=0x000000000000000e

Top of Stack: (sp=0x0000700000ff5950)
0x0000700000ff5950:   00007fc02fc0b710 00007fc0351d2c00
0x0000700000ff5960:   00007fc0351d2fd0 00007fc0351dabe8
0x0000700000ff5970:   0000000000362748 000000800000000c
0x0000700000ff5980:   0000000000000000 0000000000000007
0x0000700000ff5990:   00007fc03579c8d0 0000000400ff72b8
0x0000700000ff59a0:   00000000000000c0 0000000000000000
0x0000700000ff59b0:   0000000000000000 0000000000000000
0x0000700000ff59c0:   0000000000000000 0000000000000000
0x0000700000ff59d0:   00007fc035488c10 00007fc0351d2fd0
0x0000700000ff59e0:   0000700000ff72b8 00000000000000c1
0x0000700000ff59f0:   00000000000007ec 00007fc035473380
0x0000700000ff5a00:   00007fc0367b6450 0000000000000006
0x0000700000ff5a10:   00007fc0357d4ed8 00007fc033dd1450
0x0000700000ff5a20:   00007fc033dd1410 0000700000ff5bf0
0x0000700000ff5a30:   0000700000ff73a0 0000700000ff72b8
0x0000700000ff5a40:   0000700000ff73a0 0000700000ff5b28
0x0000700000ff5a50:   0000700000ff5c80 0000000101749f4f
0x0000700000ff5a60:   00007fffa4c1f000 0000000101dafba0
0x0000700000ff5a70:   000070000000000d 0000700000ff8078
0x0000700000ff5a80:   0000700000ff72b8 000000010000000b
0x0000700000ff5a90:   00007fc031485a90 000000000000000c
0x0000700000ff5aa0:   0000700000ff5ac0 00007fff6cad54c7
0x0000700000ff5ab0:   0000000000000000 0000000101ddeffc
0x0000700000ff5ac0:   0000700000ff5b00 0000000101a32926
0x0000700000ff5ad0:   0000000000000000 000000000000eb50
0x0000700000ff5ae0:   00007fc035370800 0000700000ff72b8
0x0000700000ff5af0:   00007fc0352f5a00 000000000000eb50
0x0000700000ff5b00:   0000700000ff5b50 0000000101698931
0x0000700000ff5b10:   0000000000000000 0000000000000043
0x0000700000ff5b20:   0000000000000000 000000000000000a
0x0000700000ff5b30:   0000700000ff8078 00000001181d2010
0x0000700000ff5b40:   00000001187c7010 00007fc034dfa610 

Instructions: (pc=0x0000000101a6538c)
0x0000000101a6536c:   a3 dc 13 00 48 8d 15 eb dc 13 00 48 8d 0d 63 dd
0x0000000101a6537c:   13 00 e8 8b 83 d6 ff e8 5a fe fc ff 4c 8b 5d c8
0x0000000101a6538c:   48 63 4b 28 49 8b 85 28 01 00 00 8b 14 88 48 85
0x0000000101a6539c:   d2 0f 84 61 01 00 00 48 8b 4d 90 48 8b 49 70 48 

Register to memory mapping:

RAX=0x0000000000000001 is an unknown value
RBX=0x00007dc0357d4e70 is an unknown value
RCX=0x00007fc0354733d8 is an unknown value
RDX=0x00000000000000c0 is an unknown value
RSP=0x0000700000ff5950 is pointing into the stack for thread: 0x00007fc030801800
RBP=0x0000700000ff5a50 is pointing into the stack for thread: 0x00007fc030801800
RSI=0x00007fc035473380 is an unknown value
RDI=0x00007fc033dd1450 is an unknown value
R8 =0x00007fc033dd1450 is an unknown value
R9 =0x00007fc033dd1410 is an unknown value
R10=0x00007fc033dd1410 is an unknown value
R11=0x00007fc033dd1450 is an unknown value
R12=0x0000000000000006 is an unknown value
R13=0x0000700000ff72b8 is pointing into the stack for thread: 0x00007fc030801800
R14=0x00000000000007ec is an unknown value
R15=0x0000000000000001 is an unknown value


Stack: [0x0000700000ef9000,0x0000700000ff9000],  sp=0x0000700000ff5950,  free space=1010k
Native frames: (J=compiled Java code, j=interpreted, Vv=VM code, C=native code)
V  [libjvm.dylib+0x46538c]
V  [libjvm.dylib+0x149f4f]
V  [libjvm.dylib+0x1969a0]
V  [libjvm.dylib+0x195388]
V  [libjvm.dylib+0x13b9da]
V  [libjvm.dylib+0x1a067a]
V  [libjvm.dylib+0x19fc78]
V  [libjvm.dylib+0x505e88]
V  [libjvm.dylib+0x505d4d]
V  [libjvm.dylib+0x435709]
C  [libsystem_pthread.dylib+0x3661]  _pthread_body+0x154
C  [libsystem_pthread.dylib+0x350d]  _pthread_body+0x0
C  [libsystem_pthread.dylib+0x2bf9]  thread_start+0xd
C  0x0000000000000000


Current CompileTask:
C2:1132170 15897       4       org.gradle.model.internal.type.ModelType::wrap (219 bytes)


---------------  P R O C E S S  ---------------

Java Threads: ( => current thread )
  0x00007fc031b21000 JavaThread "Stdin handler" [_thread_blocked, id=23071, stack(0x0000700001a1a000,0x0000700001b1a000)]
  0x00007fc036101800 JavaThread "Asynchronous log dispatcher for org.gradle.launcher.daemon.server.DefaultDaemonConnection@3bc4419c" [_thread_blocked, id=24871, stack(0x0000700001917000,0x0000700001a17000)]
  0x00007fc03616b800 JavaThread "Cancel handler" [_thread_blocked, id=16415, stack(0x0000700001711000,0x0000700001811000)]
  0x00007fc035304800 JavaThread "Handler for socket connection from /127.0.0.1:50185 to /127.0.0.1:50564" [_thread_in_native, id=43291, stack(0x000070000160e000,0x000070000170e000)]
  0x00007fc030cfc800 JavaThread "Daemon worker Thread 6" [_thread_in_vm, id=40743, stack(0x0000700001814000,0x0000700001914000)]
  0x00007fc030a5c000 JavaThread "Daemon Thread 6" [_thread_blocked, id=16919, stack(0x00007000004d8000,0x00007000005d8000)]
  0x00007fc0367ef800 JavaThread "pool-6-thread-4" [_thread_blocked, id=25351, stack(0x000070000225d000,0x000070000235d000)]
  0x00007fc0367ee800 JavaThread "pool-6-thread-3" [_thread_blocked, id=4371, stack(0x000070000215a000,0x000070000225a000)]
  0x00007fc035e55800 JavaThread "pool-6-thread-2" [_thread_blocked, id=24331, stack(0x0000700002057000,0x0000700002157000)]
  0x00007fc034ac4800 JavaThread "pool-6-thread-1" [_thread_blocked, id=41735, stack(0x0000700001f54000,0x0000700002054000)]
  0x00007fc03328f000 JavaThread "File lock request listener" [_thread_in_native, id=22531, stack(0x0000700001c4b000,0x0000700001d4b000)]
  0x00007fc030982000 JavaThread "pool-1-thread-1" [_thread_blocked, id=17155, stack(0x000070000150b000,0x000070000160b000)]
  0x00007fc03046d000 JavaThread "Incoming local TCP Connector on port 50185" [_thread_in_native, id=15107, stack(0x0000700001408000,0x0000700001508000)]
  0x00007fc03003f800 JavaThread "Service Thread" daemon [_thread_blocked, id=17667, stack(0x0000700001202000,0x0000700001302000)]
  0x00007fc030804000 JavaThread "C1 CompilerThread2" daemon [_thread_blocked, id=14083, stack(0x00007000010ff000,0x00007000011ff000)]
  0x00007fc030803800 JavaThread "C2 CompilerThread1" daemon [_thread_in_native, id=18179, stack(0x0000700000ffc000,0x00007000010fc000)]
=>0x00007fc030801800 JavaThread "C2 CompilerThread0" daemon [_thread_in_native, id=18435, stack(0x0000700000ef9000,0x0000700000ff9000)]
  0x00007fc031021800 JavaThread "Signal Dispatcher" daemon [_thread_blocked, id=18955, stack(0x0000700000df6000,0x0000700000ef6000)]
  0x00007fc030036000 JavaThread "Finalizer" daemon [_thread_blocked, id=12547, stack(0x0000700000cf3000,0x0000700000df3000)]
  0x00007fc03000a000 JavaThread "Reference Handler" daemon [_thread_blocked, id=12035, stack(0x0000700000bf0000,0x0000700000cf0000)]
  0x00007fc031802000 JavaThread "main" [_thread_blocked, id=5891, stack(0x00007000005de000,0x00007000006de000)]

Other Threads:
  0x00007fc030816800 VMThread [stack: 0x0000700000aed000,0x0000700000bed000] [id=11779]
  0x00007fc03100a800 WatcherThread [stack: 0x0000700001305000,0x0000700001405000] [id=14851]

VM state:not at safepoint (normal execution)

VM Mutex/Monitor currently owned by a thread: None

Heap:
 PSYoungGen      total 315904K, used 30728K [0x00000007aab00000, 0x00000007c0000000, 0x00000007c0000000)
  eden space 282624K, 10% used [0x00000007aab00000,0x00000007ac9023b8,0x00000007bbf00000)
  from space 33280K, 0% used [0x00000007bbf00000,0x00000007bbf00000,0x00000007bdf80000)
  to   space 33280K, 0% used [0x00000007bdf80000,0x00000007bdf80000,0x00000007c0000000)
 ParOldGen       total 160768K, used 44677K [0x0000000780000000, 0x0000000789d00000, 0x00000007aab00000)
  object space 160768K, 27% used [0x0000000780000000,0x0000000782ba1708,0x0000000789d00000)
 Metaspace       used 73542K, capacity 76168K, committed 76544K, reserved 1116160K
  class space    used 9279K, capacity 9839K, committed 9984K, reserved 1048576K

Card table byte_map: [0x0000000111068000,0x0000000111269000] byte_map_base: 0x000000010d468000

Marking Bits: (ParMarkBitMap*) 0x0000000101df81c8
 Begin Bits: [0x00000001113bf000, 0x00000001123bf000)
 End Bits:   [0x00000001123bf000, 0x00000001133bf000)

Polling page: 0x00000001007ee000

CodeCache: size=245760Kb used=44185Kb max_used=44219Kb free=201574Kb
 bounds [0x0000000102068000, 0x0000000104bd8000, 0x0000000111068000]
 total_blobs=13328 nmethods=12524 adapters=715
 compilation: enabled

Compilation events (10 events):
Event: 1132.098 Thread 0x00007fc030804000 nmethod 16033 0x00000001046ef650 code [0x00000001046ef820, 0x00000001046f0058]
Event: 1132.125 Thread 0x00007fc030804000 16037       3       org.gradle.cache.internal.DefaultCacheFactory$ReferenceTrackingCache::useCache (15 bytes)
Event: 1132.125 Thread 0x00007fc030804000 nmethod 16037 0x00000001046ed9d0 code [0x00000001046edb40, 0x00000001046edd88]
Event: 1132.126 Thread 0x00007fc030804000 16038       3       org.gradle.cache.internal.DefaultPersistentDirectoryStore::useCache (12 bytes)
Event: 1132.126 Thread 0x00007fc030804000 nmethod 16038 0x00000001046ef1d0 code [0x00000001046ef340, 0x00000001046ef568]
Event: 1132.135 Thread 0x00007fc030803800 nmethod 16031 0x00000001046e5f90 code [0x00000001046e61a0, 0x00000001046e6b50]
Event: 1132.135 Thread 0x00007fc030803800 16036       4       org.gradle.internal.component.external.model.DefaultModuleComponentArtifactMetaData::getName (8 bytes)
Event: 1132.136 Thread 0x00007fc030803800 nmethod 16036 0x0000000104717910 code [0x0000000104717a60, 0x0000000104717ad8]
Event: 1132.145 Thread 0x00007fc030804000 16039       3       org.gradle.internal.resource.UriTextResource$UriResourceLocation::getURI (8 bytes)
Event: 1132.145 Thread 0x00007fc030804000 nmethod 16039 0x00000001046eee50 code [0x00000001046eefc0, 0x00000001046ef130]

GC Heap History (10 events):
Event: 647.474 GC heap before
{Heap before GC invocations=25 (full 6):
 PSYoungGen      total 316416K, used 8626K [0x00000007aab00000, 0x00000007c0000000, 0x00000007c0000000)
  eden space 284672K, 0% used [0x00000007aab00000,0x00000007aab00000,0x00000007bc100000)
  from space 31744K, 27% used [0x00000007bc100000,0x00000007bc96cae8,0x00000007be000000)
  to   space 30208K, 0% used [0x00000007be280000,0x00000007be280000,0x00000007c0000000)
 ParOldGen       total 160768K, used 32779K [0x0000000780000000, 0x0000000789d00000, 0x00000007aab00000)
  object space 160768K, 20% used [0x0000000780000000,0x0000000782002fe0,0x0000000789d00000)
 Metaspace       used 62139K, capacity 63846K, committed 64128K, reserved 1105920K
  class space    used 7888K, capacity 8237K, committed 8320K, reserved 1048576K
Event: 647.949 GC heap after
Heap after GC invocations=25 (full 6):
 PSYoungGen      total 316416K, used 0K [0x00000007aab00000, 0x00000007c0000000, 0x00000007c0000000)
  eden space 284672K, 0% used [0x00000007aab00000,0x00000007aab00000,0x00000007bc100000)
  from space 31744K, 0% used [0x00000007bc100000,0x00000007bc100000,0x00000007be000000)
  to   space 30208K, 0% used [0x00000007be280000,0x00000007be280000,0x00000007c0000000)
 ParOldGen       total 160768K, used 40503K [0x0000000780000000, 0x0000000789d00000, 0x00000007aab00000)
  object space 160768K, 25% used [0x0000000780000000,0x000000078278df20,0x0000000789d00000)
 Metaspace       used 62139K, capacity 63846K, committed 64128K, reserved 1105920K
  class space    used 7888K, capacity 8237K, committed 8320K, reserved 1048576K
}
Event: 916.912 GC heap before
{Heap before GC invocations=26 (full 6):
 PSYoungGen      total 316416K, used 249057K [0x00000007aab00000, 0x00000007c0000000, 0x00000007c0000000)
  eden space 284672K, 87% used [0x00000007aab00000,0x00000007b9e385c0,0x00000007bc100000)
  from space 31744K, 0% used [0x00000007bc100000,0x00000007bc100000,0x00000007be000000)
  to   space 30208K, 0% used [0x00000007be280000,0x00000007be280000,0x00000007c0000000)
 ParOldGen       total 160768K, used 40503K [0x0000000780000000, 0x0000000789d00000, 0x00000007aab00000)
  object space 160768K, 25% used [0x0000000780000000,0x000000078278df20,0x0000000789d00000)
 Metaspace       used 72920K, capacity 75430K, committed 75648K, reserved 1116160K
  class space    used 9269K, capacity 9840K, committed 9856K, reserved 1048576K
Event: 916.993 GC heap after
Heap after GC invocations=26 (full 6):
 PSYoungGen      total 312832K, used 25224K [0x00000007aab00000, 0x00000007c0000000, 0x00000007c0000000)
  eden space 282624K, 0% used [0x00000007aab00000,0x00000007aab00000,0x00000007bbf00000)
  from space 30208K, 83% used [0x00000007be280000,0x00000007bfb22330,0x00000007c0000000)
  to   space 33280K, 0% used [0x00000007bbf00000,0x00000007bbf00000,0x00000007bdf80000)
 ParOldGen       total 160768K, used 40511K [0x0000000780000000, 0x0000000789d00000, 0x00000007aab00000)
  object space 160768K, 25% used [0x0000000780000000,0x000000078278ff20,0x0000000789d00000)
 Metaspace       used 72920K, capacity 75430K, committed 75648K, reserved 1116160K
  class space    used 9269K, capacity 9840K, committed 9856K, reserved 1048576K
}
Event: 916.993 GC heap before
{Heap before GC invocations=27 (full 7):
 PSYoungGen      total 312832K, used 25224K [0x00000007aab00000, 0x00000007c0000000, 0x00000007c0000000)
  eden space 282624K, 0% used [0x00000007aab00000,0x00000007aab00000,0x00000007bbf00000)
  from space 30208K, 83% used [0x00000007be280000,0x00000007bfb22330,0x00000007c0000000)
  to   space 33280K, 0% used [0x00000007bbf00000,0x00000007bbf00000,0x00000007bdf80000)
 ParOldGen       total 160768K, used 40511K [0x0000000780000000, 0x0000000789d00000, 0x00000007aab00000)
  object space 160768K, 25% used [0x0000000780000000,0x000000078278ff20,0x0000000789d00000)
 Metaspace       used 72920K, capacity 75430K, committed 75648K, reserved 1116160K
  class space    used 9269K, capacity 9840K, committed 9856K, reserved 1048576K
Event: 917.605 GC heap after
Heap after GC invocations=27 (full 7):
 PSYoungGen      total 312832K, used 0K [0x00000007aab00000, 0x00000007c0000000, 0x00000007c0000000)
  eden space 282624K, 0% used [0x00000007aab00000,0x00000007aab00000,0x00000007bbf00000)
  from space 30208K, 0% used [0x00000007be280000,0x00000007be280000,0x00000007c0000000)
  to   space 33280K, 0% used [0x00000007bbf00000,0x00000007bbf00000,0x00000007bdf80000)
 ParOldGen       total 160768K, used 52817K [0x0000000780000000, 0x0000000789d00000, 0x00000007aab00000)
  object space 160768K, 32% used [0x0000000780000000,0x0000000783394450,0x0000000789d00000)
 Metaspace       used 72846K, capacity 75210K, committed 75648K, reserved 1116160K
  class space    used 9249K, capacity 9788K, committed 9856K, reserved 1048576K
}
Event: 1130.584 GC heap before
{Heap before GC invocations=28 (full 7):
 PSYoungGen      total 312832K, used 170511K [0x00000007aab00000, 0x00000007c0000000, 0x00000007c0000000)
  eden space 282624K, 60% used [0x00000007aab00000,0x00000007b5183ef8,0x00000007bbf00000)
  from space 30208K, 0% used [0x00000007be280000,0x00000007be280000,0x00000007c0000000)
  to   space 33280K, 0% used [0x00000007bbf00000,0x00000007bbf00000,0x00000007bdf80000)
 ParOldGen       total 160768K, used 52817K [0x0000000780000000, 0x0000000789d00000, 0x00000007aab00000)
  object space 160768K, 32% used [0x0000000780000000,0x0000000783394450,0x0000000789d00000)
 Metaspace       used 73552K, capacity 76322K, committed 76544K, reserved 1116160K
  class space    used 9293K, capacity 9856K, committed 9984K, reserved 1048576K
Event: 1130.595 GC heap after
Heap after GC invocations=28 (full 7):
 PSYoungGen      total 315904K, used 1815K [0x00000007aab00000, 0x00000007c0000000, 0x00000007c0000000)
  eden space 282624K, 0% used [0x00000007aab00000,0x00000007aab00000,0x00000007bbf00000)
  from space 33280K, 5% used [0x00000007bbf00000,0x00000007bc0c5d08,0x00000007bdf80000)
  to   space 33280K, 0% used [0x00000007bdf80000,0x00000007bdf80000,0x00000007c0000000)
 ParOldGen       total 160768K, used 52825K [0x0000000780000000, 0x0000000789d00000, 0x00000007aab00000)
  object space 160768K, 32% used [0x0000000780000000,0x0000000783396450,0x0000000789d00000)
 Metaspace       used 73552K, capacity 76322K, committed 76544K, reserved 1116160K
  class space    used 9293K, capacity 9856K, committed 9984K, reserved 1048576K
}
Event: 1130.595 GC heap before
{Heap before GC invocations=29 (full 8):
 PSYoungGen      total 315904K, used 1815K [0x00000007aab00000, 0x00000007c0000000, 0x00000007c0000000)
  eden space 282624K, 0% used [0x00000007aab00000,0x00000007aab00000,0x00000007bbf00000)
  from space 33280K, 5% used [0x00000007bbf00000,0x00000007bc0c5d08,0x00000007bdf80000)
  to   space 33280K, 0% used [0x00000007bdf80000,0x00000007bdf80000,0x00000007c0000000)
 ParOldGen       total 160768K, used 52825K [0x0000000780000000, 0x0000000789d00000, 0x00000007aab00000)
  object space 160768K, 32% used [0x0000000780000000,0x0000000783396450,0x0000000789d00000)
 Metaspace       used 73552K, capacity 76322K, committed 76544K, reserved 1116160K
  class space    used 9293K, capacity 9856K, committed 9984K, reserved 1048576K
Event: 1131.000 GC heap after
Heap after GC invocations=29 (full 8):
 PSYoungGen      total 315904K, used 0K [0x00000007aab00000, 0x00000007c0000000, 0x00000007c0000000)
  eden space 282624K, 0% used [0x00000007aab00000,0x00000007aab00000,0x00000007bbf00000)
  from space 33280K, 0% used [0x00000007bbf00000,0x00000007bbf00000,0x00000007bdf80000)
  to   space 33280K, 0% used [0x00000007bdf80000,0x00000007bdf80000,0x00000007c0000000)
 ParOldGen       total 160768K, used 44677K [0x0000000780000000, 0x0000000789d00000, 0x00000007aab00000)
  object space 160768K, 27% used [0x0000000780000000,0x0000000782ba1708,0x0000000789d00000)
 Metaspace       used 73426K, capacity 76030K, committed 76544K, reserved 1116160K
  class space    used 9267K, capacity 9816K, committed 9984K, reserved 1048576K
}

Deoptimization events (10 events):
Event: 917.616 Thread 0x00007fc034cb2000 Uncommon trap: reason=bimorphic action=maybe_recompile pc=0x00000001047185c0 method=java.io.DataInputStream.readChar()C @ 4
Event: 917.617 Thread 0x00007fc034cb2000 Uncommon trap: reason=bimorphic action=maybe_recompile pc=0x00000001047185c0 method=java.io.DataInputStream.readChar()C @ 4
Event: 929.887 Thread 0x00007fc030cfc800 Uncommon trap: reason=bimorphic action=maybe_recompile pc=0x00000001047185c0 method=java.io.DataInputStream.readChar()C @ 4
Event: 929.887 Thread 0x00007fc030cfc800 Uncommon trap: reason=bimorphic action=maybe_recompile pc=0x00000001047185c0 method=java.io.DataInputStream.readChar()C @ 4
Event: 930.676 Thread 0x00007fc030a5c000 Uncommon trap: reason=class_check action=maybe_recompile pc=0x00000001027bc440 method=com.google.common.collect.AbstractMapBasedMultimap$WrappedCollection.refreshIfEmpty()V @ 40
Event: 930.676 Thread 0x00007fc030a5c000 Uncommon trap: reason=class_check action=maybe_recompile pc=0x0000000103344b58 method=com.google.common.collect.AbstractMapBasedMultimap.iteratorOrListIterator(Ljava/util/Collection;)Ljava/util/Iterator; @ 1
Event: 931.578 Thread 0x00007fc030a5c000 Uncommon trap: reason=predicate action=maybe_recompile pc=0x0000000104084130 method=java.util.regex.Pattern$SliceI.match(Ljava/util/regex/Matcher;ILjava/lang/CharSequence;)Z @ 21
Event: 931.929 Thread 0x00007fc030a5c000 Uncommon trap: reason=bimorphic action=maybe_recompile pc=0x000000010360f3a0 method=java.util.LinkedList.remove(Ljava/lang/Object;)Z @ 53
Event: 933.169 Thread 0x00007fc030a5c000 Uncommon trap: reason=unstable_if action=reinterpret pc=0x00000001028a3188 method=java.io.ObjectOutputStream.writeObject0(Ljava/lang/Object;Z)V @ 477
Event: 1130.020 Thread 0x00007fc030cfc800 Uncommon trap: reason=class_check action=maybe_recompile pc=0x0000000103344b58 method=com.google.common.collect.AbstractMapBasedMultimap.iteratorOrListIterator(Ljava/util/Collection;)Ljava/util/Iterator; @ 1

Classes redefined (0 events):
No events

Internal exceptions (10 events):
Event: 1130.010 Thread 0x00007fc030cfc800 Exception <a 'sun/nio/fs/UnixException'> (0x00000007b23c8688) thrown at [/Volumes/android/AOSP-openjdk-git/jdk8u/hotspot/src/share/vm/prims/jni.cpp, line 709]
Event: 1130.010 Thread 0x00007fc030cfc800 Exception <a 'sun/nio/fs/UnixException'> (0x00000007b23c9748) thrown at [/Volumes/android/AOSP-openjdk-git/jdk8u/hotspot/src/share/vm/prims/jni.cpp, line 709]
Event: 1130.010 Thread 0x00007fc030cfc800 Exception <a 'sun/nio/fs/UnixException'> (0x00000007b23cb230) thrown at [/Volumes/android/AOSP-openjdk-git/jdk8u/hotspot/src/share/vm/prims/jni.cpp, line 709]
Event: 1130.010 Thread 0x00007fc030cfc800 Exception <a 'sun/nio/fs/UnixException'> (0x00000007b23cc350) thrown at [/Volumes/android/AOSP-openjdk-git/jdk8u/hotspot/src/share/vm/prims/jni.cpp, line 709]
Event: 1130.010 Thread 0x00007fc030cfc800 Exception <a 'sun/nio/fs/UnixException'> (0x00000007b23ce230) thrown at [/Volumes/android/AOSP-openjdk-git/jdk8u/hotspot/src/share/vm/prims/jni.cpp, line 709]
Event: 1130.010 Thread 0x00007fc030cfc800 Exception <a 'sun/nio/fs/UnixException'> (0x00000007b23cf450) thrown at [/Volumes/android/AOSP-openjdk-git/jdk8u/hotspot/src/share/vm/prims/jni.cpp, line 709]
Event: 1130.011 Thread 0x00007fc030cfc800 Exception <a 'sun/nio/fs/UnixException'> (0x00000007b23d2fd0) thrown at [/Volumes/android/AOSP-openjdk-git/jdk8u/hotspot/src/share/vm/prims/jni.cpp, line 709]
Event: 1130.011 Thread 0x00007fc030cfc800 Exception <a 'sun/nio/fs/UnixException'> (0x00000007b23d41a8) thrown at [/Volumes/android/AOSP-openjdk-git/jdk8u/hotspot/src/share/vm/prims/jni.cpp, line 709]
Event: 1130.011 Thread 0x00007fc030cfc800 Exception <a 'sun/nio/fs/UnixException'> (0x00000007b23d78a0) thrown at [/Volumes/android/AOSP-openjdk-git/jdk8u/hotspot/src/share/vm/prims/jni.cpp, line 709]
Event: 1130.011 Thread 0x00007fc030cfc800 Exception <a 'sun/nio/fs/UnixException'> (0x00000007b23d8850) thrown at [/Volumes/android/AOSP-openjdk-git/jdk8u/hotspot/src/share/vm/prims/jni.cpp, line 709]

Events (10 events):
Event: 1131.791 Thread 0x00007fc030804000 flushing nmethod 0x00000001033c1510
Event: 1131.795 Thread 0x00007fc030804000 flushing nmethod 0x00000001036116d0
Event: 1131.795 Thread 0x00007fc030804000 flushing nmethod 0x0000000103636250
Event: 1131.801 Thread 0x00007fc030804000 flushing nmethod 0x0000000103c42010
Event: 1131.802 Thread 0x00007fc030804000 flushing nmethod 0x0000000103c8cc90
Event: 1131.808 Thread 0x00007fc030804000 flushing nmethod 0x00000001043cee90
Event: 1131.810 Thread 0x00007fc030804000 flushing nmethod 0x00000001046d8010
Event: 1131.810 Thread 0x00007fc030804000 flushing nmethod 0x00000001046fedd0
Event: 1131.810 Thread 0x00007fc030804000 flushing nmethod 0x0000000104768a90
Event: 1131.811 Thread 0x00007fc030804000 flushing nmethod 0x000000010477d910


Dynamic libraries:
0x000000001c74a000 	/System/Library/Frameworks/Cocoa.framework/Versions/A/Cocoa
0x000000001c74a000 	/System/Library/Frameworks/Security.framework/Versions/A/Security
0x000000001c74a000 	/System/Library/Frameworks/ApplicationServices.framework/Versions/A/ApplicationServices
0x000000001c74a000 	/usr/lib/libz.1.dylib
0x000000001c74a000 	/usr/lib/libSystem.B.dylib
0x000000001c74a000 	/System/Library/Frameworks/CoreFoundation.framework/Versions/A/CoreFoundation
0x000000001c74a000 	/System/Library/Frameworks/Foundation.framework/Versions/C/Foundation
0x000000001c74a000 	/usr/lib/libobjc.A.dylib
0x000000001c74a000 	/System/Library/Frameworks/AppKit.framework/Versions/C/AppKit
0x000000001c74a000 	/System/Library/Frameworks/CoreData.framework/Versions/A/CoreData
0x000000001c74a000 	/System/Library/PrivateFrameworks/RemoteViewServices.framework/Versions/A/RemoteViewServices
0x000000001c74a000 	/System/Library/PrivateFrameworks/UIFoundation.framework/Versions/A/UIFoundation
0x000000001c74a000 	/System/Library/PrivateFrameworks/DFRFoundation.framework/Versions/A/DFRFoundation
0x000000001c74a000 	/System/Library/Frameworks/Metal.framework/Versions/A/Metal
0x000000001c74a000 	/System/Library/PrivateFrameworks/DesktopServicesPriv.framework/Versions/A/DesktopServicesPriv
0x000000001c74a000 	/usr/lib/libenergytrace.dylib
0x000000001c74a000 	/System/Library/PrivateFrameworks/SkyLight.framework/Versions/A/SkyLight
0x000000001c74a000 	/System/Library/Frameworks/CoreGraphics.framework/Versions/A/CoreGraphics
0x000000001c74a000 	/usr/lib/libScreenReader.dylib
0x000000001c74a000 	/System/Library/Frameworks/Accelerate.framework/Versions/A/Accelerate
0x000000001c74a000 	/System/Library/Frameworks/IOSurface.framework/Versions/A/IOSurface
0x000000001c74a000 	/System/Library/Frameworks/AudioToolbox.framework/Versions/A/AudioToolbox
0x000000001c74a000 	/System/Library/Frameworks/AudioUnit.framework/Versions/A/AudioUnit
0x000000001c74a000 	/System/Library/PrivateFrameworks/DataDetectorsCore.framework/Versions/A/DataDetectorsCore
0x000000001c74a000 	/System/Library/Frameworks/Carbon.framework/Versions/A/Frameworks/HIToolbox.framework/Versions/A/HIToolbox
0x000000001c74a000 	/usr/lib/libicucore.A.dylib
0x000000001c74a000 	/System/Library/Frameworks/QuartzCore.framework/Versions/A/QuartzCore
0x000000001c74a000 	/System/Library/PrivateFrameworks/SignpostNotification.framework/Versions/A/SignpostNotification
0x000000001c74a000 	/System/Library/Frameworks/Carbon.framework/Versions/A/Frameworks/SpeechRecognition.framework/Versions/A/SpeechRecognition
0x000000001c74a000 	/usr/lib/libauto.dylib
0x000000001c74a000 	/usr/lib/libxml2.2.dylib
0x000000001c74a000 	/System/Library/PrivateFrameworks/CoreUI.framework/Versions/A/CoreUI
0x000000001c74a000 	/System/Library/Frameworks/CoreAudio.framework/Versions/A/CoreAudio
0x000000001c74a000 	/System/Library/Frameworks/DiskArbitration.framework/Versions/A/DiskArbitration
0x000000001c74a000 	/usr/lib/liblangid.dylib
0x000000001c74a000 	/System/Library/PrivateFrameworks/MultitouchSupport.framework/Versions/A/MultitouchSupport
0x000000001c74a000 	/System/Library/Frameworks/IOKit.framework/Versions/A/IOKit
0x000000001c74a000 	/usr/lib/libDiagnosticMessagesClient.dylib
0x000000001c74a000 	/System/Library/Frameworks/CoreServices.framework/Versions/A/CoreServices
0x000000001c74a000 	/System/Library/PrivateFrameworks/PerformanceAnalysis.framework/Versions/A/PerformanceAnalysis
0x000000001c74a000 	/System/Library/Frameworks/OpenGL.framework/Versions/A/OpenGL
0x000000001c74a000 	/System/Library/Frameworks/ColorSync.framework/Versions/A/ColorSync
0x000000001c74a000 	/System/Library/Frameworks/CoreImage.framework/Versions/A/CoreImage
0x000000001c74a000 	/System/Library/Frameworks/CoreText.framework/Versions/A/CoreText
0x000000001c74a000 	/System/Library/Frameworks/ImageIO.framework/Versions/A/ImageIO
0x000000001c74a000 	/System/Library/PrivateFrameworks/Backup.framework/Versions/A/Backup
0x000000001c74a000 	/usr/lib/libarchive.2.dylib
0x000000001c74a000 	/System/Library/Frameworks/CFNetwork.framework/Versions/A/CFNetwork
0x000000001c74a000 	/System/Library/Frameworks/SystemConfiguration.framework/Versions/A/SystemConfiguration
0x000000001c74a000 	/usr/lib/libCRFSuite.dylib
0x000000001c74a000 	/usr/lib/libc++.1.dylib
0x000000001c74a000 	/usr/lib/libc++abi.dylib
0x000000001c74a000 	/usr/lib/system/libcache.dylib
0x000000001c74a000 	/usr/lib/system/libcommonCrypto.dylib
0x000000001c74a000 	/usr/lib/system/libcompiler_rt.dylib
0x000000001c74a000 	/usr/lib/system/libcopyfile.dylib
0x000000001c74a000 	/usr/lib/system/libcorecrypto.dylib
0x000000001c74a000 	/usr/lib/system/libdispatch.dylib
0x000000001c74a000 	/usr/lib/system/libdyld.dylib
0x000000001c74a000 	/usr/lib/system/libkeymgr.dylib
0x000000001c74a000 	/usr/lib/system/liblaunch.dylib
0x000000001c74a000 	/usr/lib/system/libmacho.dylib
0x000000001c74a000 	/usr/lib/system/libquarantine.dylib
0x000000001c74a000 	/usr/lib/system/libremovefile.dylib
0x000000001c74a000 	/usr/lib/system/libsystem_asl.dylib
0x000000001c74a000 	/usr/lib/system/libsystem_blocks.dylib
0x000000001c74a000 	/usr/lib/system/libsystem_c.dylib
0x000000001c74a000 	/usr/lib/system/libsystem_configuration.dylib
0x000000001c74a000 	/usr/lib/system/libsystem_coreservices.dylib
0x000000001c74a000 	/usr/lib/system/libsystem_darwin.dylib
0x000000001c74a000 	/usr/lib/system/libsystem_dnssd.dylib
0x000000001c74a000 	/usr/lib/system/libsystem_info.dylib
0x000000001c74a000 	/usr/lib/system/libsystem_m.dylib
0x000000001c74a000 	/usr/lib/system/libsystem_malloc.dylib
0x000000001c74a000 	/usr/lib/system/libsystem_network.dylib
0x000000001c74a000 	/usr/lib/system/libsystem_networkextension.dylib
0x000000001c74a000 	/usr/lib/system/libsystem_notify.dylib
0x000000001c74a000 	/usr/lib/system/libsystem_sandbox.dylib
0x000000001c74a000 	/usr/lib/system/libsystem_secinit.dylib
0x000000001c74a000 	/usr/lib/system/libsystem_kernel.dylib
0x000000001c74a000 	/usr/lib/system/libsystem_platform.dylib
0x000000001c74a000 	/usr/lib/system/libsystem_pthread.dylib
0x000000001c74a000 	/usr/lib/system/libsystem_symptoms.dylib
0x000000001c74a000 	/usr/lib/system/libsystem_trace.dylib
0x000000001c74a000 	/usr/lib/system/libunwind.dylib
0x000000001c74a000 	/usr/lib/system/libxpc.dylib
0x000000001c74a000 	/usr/lib/closure/libclosured.dylib
0x000000001c74a000 	/usr/lib/libbsm.0.dylib
0x000000001c74a000 	/usr/lib/system/libkxld.dylib
0x000000001c74a000 	/usr/lib/libOpenScriptingUtil.dylib
0x000000001c74a000 	/usr/lib/libcoretls.dylib
0x000000001c74a000 	/usr/lib/libcoretls_cfhelpers.dylib
0x000000001c74a000 	/usr/lib/libpam.2.dylib
0x000000001c74a000 	/usr/lib/libsqlite3.dylib
0x000000001c74a000 	/usr/lib/libxar.1.dylib
0x000000001c74a000 	/usr/lib/libbz2.1.0.dylib
0x000000001c74a000 	/usr/lib/liblzma.5.dylib
0x000000001c74a000 	/usr/lib/libnetwork.dylib
0x000000001c74a000 	/usr/lib/libapple_nghttp2.dylib
0x000000001c74a000 	/usr/lib/libpcap.A.dylib
0x000000001c74a000 	/usr/lib/libboringssl.dylib
0x000000001c74a000 	/usr/lib/libusrtcp.dylib
0x000000001c74a000 	/usr/lib/libapple_crypto.dylib
0x000000001c74a000 	/System/Library/Frameworks/CoreServices.framework/Versions/A/Frameworks/FSEvents.framework/Versions/A/FSEvents
0x000000001c74a000 	/System/Library/Frameworks/CoreServices.framework/Versions/A/Frameworks/CarbonCore.framework/Versions/A/CarbonCore
0x000000001c74a000 	/System/Library/Frameworks/CoreServices.framework/Versions/A/Frameworks/Metadata.framework/Versions/A/Metadata
0x000000001c74a000 	/System/Library/Frameworks/CoreServices.framework/Versions/A/Frameworks/OSServices.framework/Versions/A/OSServices
0x000000001c74a000 	/System/Library/Frameworks/CoreServices.framework/Versions/A/Frameworks/SearchKit.framework/Versions/A/SearchKit
0x000000001c74a000 	/System/Library/Frameworks/CoreServices.framework/Versions/A/Frameworks/AE.framework/Versions/A/AE
0x000000001c74a000 	/System/Library/Frameworks/CoreServices.framework/Versions/A/Frameworks/LaunchServices.framework/Versions/A/LaunchServices
0x000000001c74a000 	/System/Library/Frameworks/CoreServices.framework/Versions/A/Frameworks/DictionaryServices.framework/Versions/A/DictionaryServices
0x000000001c74a000 	/System/Library/Frameworks/CoreServices.framework/Versions/A/Frameworks/SharedFileList.framework/Versions/A/SharedFileList
0x000000001c74a000 	/System/Library/Frameworks/NetFS.framework/Versions/A/NetFS
0x000000001c74a000 	/System/Library/PrivateFrameworks/NetAuth.framework/Versions/A/NetAuth
0x000000001c74a000 	/System/Library/PrivateFrameworks/login.framework/Versions/A/Frameworks/loginsupport.framework/Versions/A/loginsupport
0x000000001c74a000 	/System/Library/PrivateFrameworks/TCC.framework/Versions/A/TCC
0x000000001c74a000 	/usr/lib/libmecabra.dylib
0x000000001c74a000 	/System/Library/Frameworks/ApplicationServices.framework/Versions/A/Frameworks/ATS.framework/Versions/A/ATS
0x000000001c74a000 	/System/Library/Frameworks/ApplicationServices.framework/Versions/A/Frameworks/ColorSyncLegacy.framework/Versions/A/ColorSyncLegacy
0x000000001c74a000 	/System/Library/Frameworks/ApplicationServices.framework/Versions/A/Frameworks/HIServices.framework/Versions/A/HIServices
0x000000001c74a000 	/System/Library/Frameworks/ApplicationServices.framework/Versions/A/Frameworks/LangAnalysis.framework/Versions/A/LangAnalysis
0x000000001c74a000 	/System/Library/Frameworks/ApplicationServices.framework/Versions/A/Frameworks/PrintCore.framework/Versions/A/PrintCore
0x000000001c74a000 	/System/Library/Frameworks/ApplicationServices.framework/Versions/A/Frameworks/QD.framework/Versions/A/QD
0x000000001c74a000 	/System/Library/Frameworks/ApplicationServices.framework/Versions/A/Frameworks/SpeechSynthesis.framework/Versions/A/SpeechSynthesis
0x000000001c74a000 	/System/Library/Frameworks/CoreDisplay.framework/Versions/A/CoreDisplay
0x000000001c74a000 	/System/Library/Frameworks/Accelerate.framework/Versions/A/Frameworks/vImage.framework/Versions/A/vImage
0x000000001c74a000 	/System/Library/Frameworks/Accelerate.framework/Versions/A/Frameworks/vecLib.framework/Versions/A/vecLib
0x000000001c74a000 	/System/Library/Frameworks/Accelerate.framework/Versions/A/Frameworks/vecLib.framework/Versions/A/libvDSP.dylib
0x000000001c74a000 	/System/Library/Frameworks/Accelerate.framework/Versions/A/Frameworks/vecLib.framework/Versions/A/libBNNS.dylib
0x000000001c74a000 	/System/Library/Frameworks/Accelerate.framework/Versions/A/Frameworks/vecLib.framework/Versions/A/libQuadrature.dylib
0x000000001c74a000 	/System/Library/Frameworks/Accelerate.framework/Versions/A/Frameworks/vecLib.framework/Versions/A/libvMisc.dylib
0x000000001c74a000 	/System/Library/Frameworks/Accelerate.framework/Versions/A/Frameworks/vecLib.framework/Versions/A/libLAPACK.dylib
0x000000001c74a000 	/System/Library/Frameworks/Accelerate.framework/Versions/A/Frameworks/vecLib.framework/Versions/A/libBLAS.dylib
0x000000001c74a000 	/System/Library/Frameworks/Accelerate.framework/Versions/A/Frameworks/vecLib.framework/Versions/A/libLinearAlgebra.dylib
0x000000001c74a000 	/System/Library/Frameworks/Accelerate.framework/Versions/A/Frameworks/vecLib.framework/Versions/A/libSparse.dylib
0x000000001c74a000 	/System/Library/Frameworks/Accelerate.framework/Versions/A/Frameworks/vecLib.framework/Versions/A/libSparseBLAS.dylib
0x000000001c74a000 	/System/Library/PrivateFrameworks/GPUWrangler.framework/Versions/A/GPUWrangler
0x000000001c74a000 	/System/Library/PrivateFrameworks/IOAccelerator.framework/Versions/A/IOAccelerator
0x000000001c74a000 	/System/Library/PrivateFrameworks/IOPresentment.framework/Versions/A/IOPresentment
0x000000001c74a000 	/System/Library/PrivateFrameworks/DSExternalDisplay.framework/Versions/A/DSExternalDisplay
0x000000001c74a000 	/System/Library/Frameworks/OpenGL.framework/Versions/A/Libraries/libCoreFSCache.dylib
0x000000001c74a000 	/System/Library/Frameworks/CoreVideo.framework/Versions/A/CoreVideo
0x000000001c74a000 	/System/Library/PrivateFrameworks/GraphVisualizer.framework/Versions/A/GraphVisualizer
0x000000001c74a000 	/System/Library/Frameworks/MetalPerformanceShaders.framework/Versions/A/MetalPerformanceShaders
0x000000001c74a000 	/usr/lib/libFosl_dynamic.dylib
0x000000001c74a000 	/System/Library/PrivateFrameworks/FaceCore.framework/Versions/A/FaceCore
0x000000001c74a000 	/System/Library/Frameworks/OpenCL.framework/Versions/A/OpenCL
0x000000001c74a000 	/usr/lib/libcompression.dylib
0x000000001c74a000 	/System/Library/Frameworks/ApplicationServices.framework/Versions/A/Frameworks/ATS.framework/Versions/A/Resources/libFontParser.dylib
0x000000001c74a000 	/System/Library/Frameworks/ApplicationServices.framework/Versions/A/Frameworks/ATS.framework/Versions/A/Resources/libFontRegistry.dylib
0x000000001c74a000 	/System/Library/Frameworks/ImageIO.framework/Versions/A/Resources/libJPEG.dylib
0x000000001c74a000 	/System/Library/Frameworks/ImageIO.framework/Versions/A/Resources/libTIFF.dylib
0x000000001c74a000 	/System/Library/Frameworks/ImageIO.framework/Versions/A/Resources/libPng.dylib
0x000000001c74a000 	/System/Library/Frameworks/ImageIO.framework/Versions/A/Resources/libGIF.dylib
0x000000001c74a000 	/System/Library/Frameworks/ImageIO.framework/Versions/A/Resources/libJP2.dylib
0x000000001c74a000 	/System/Library/Frameworks/ImageIO.framework/Versions/A/Resources/libRadiance.dylib
0x000000001c74a000 	/System/Library/PrivateFrameworks/AppleJPEG.framework/Versions/A/AppleJPEG
0x000000001c74a000 	/System/Library/Frameworks/MetalPerformanceShaders.framework/Frameworks/MPSCore.framework/Versions/A/MPSCore
0x000000001c74a000 	/System/Library/Frameworks/MetalPerformanceShaders.framework/Frameworks/MPSImage.framework/Versions/A/MPSImage
0x000000001c74a000 	/System/Library/Frameworks/MetalPerformanceShaders.framework/Frameworks/MPSNeuralNetwork.framework/Versions/A/MPSNeuralNetwork
0x000000001c74a000 	/System/Library/Frameworks/MetalPerformanceShaders.framework/Frameworks/MPSMatrix.framework/Versions/A/MPSMatrix
0x000000001c74a000 	/System/Library/PrivateFrameworks/MetalTools.framework/Versions/A/MetalTools
0x000000001c74a000 	/System/Library/Frameworks/OpenGL.framework/Versions/A/Libraries/libGLU.dylib
0x000000001c74a000 	/System/Library/Frameworks/OpenGL.framework/Versions/A/Libraries/libGFXShared.dylib
0x000000001c74a000 	/System/Library/Frameworks/OpenGL.framework/Versions/A/Libraries/libGL.dylib
0x000000001c74a000 	/System/Library/Frameworks/OpenGL.framework/Versions/A/Libraries/libGLImage.dylib
0x000000001c74a000 	/System/Library/Frameworks/OpenGL.framework/Versions/A/Libraries/libCVMSPluginSupport.dylib
0x000000001c74a000 	/System/Library/Frameworks/OpenGL.framework/Versions/A/Libraries/libCoreVMClient.dylib
0x000000001c74a000 	/usr/lib/libcups.2.dylib
0x000000001c74a000 	/System/Library/Frameworks/Kerberos.framework/Versions/A/Kerberos
0x000000001c74a000 	/System/Library/Frameworks/GSS.framework/Versions/A/GSS
0x000000001c74a000 	/usr/lib/libresolv.9.dylib
0x000000001c74a000 	/usr/lib/libiconv.2.dylib
0x000000001c74a000 	/System/Library/PrivateFrameworks/Heimdal.framework/Versions/A/Heimdal
0x000000001c74a000 	/usr/lib/libheimdal-asn1.dylib
0x000000001c74a000 	/System/Library/Frameworks/OpenDirectory.framework/Versions/A/OpenDirectory
0x000000001c74a000 	/System/Library/PrivateFrameworks/CommonAuth.framework/Versions/A/CommonAuth
0x000000001c74a000 	/System/Library/Frameworks/OpenDirectory.framework/Versions/A/Frameworks/CFOpenDirectory.framework/Versions/A/CFOpenDirectory
0x000000001c74a000 	/System/Library/Frameworks/SecurityFoundation.framework/Versions/A/SecurityFoundation
0x000000001c74a000 	/System/Library/PrivateFrameworks/APFS.framework/Versions/A/APFS
0x000000001c74a000 	/usr/lib/libutil.dylib
0x000000001c74a000 	/System/Library/PrivateFrameworks/AppleSauce.framework/Versions/A/AppleSauce
0x000000001c74a000 	/System/Library/PrivateFrameworks/LinguisticData.framework/Versions/A/LinguisticData
0x000000001c74a000 	/usr/lib/libmarisa.dylib
0x000000001c74a000 	/System/Library/PrivateFrameworks/Lexicon.framework/Versions/A/Lexicon
0x000000001c74a000 	/usr/lib/libChineseTokenizer.dylib
0x000000001c74a000 	/usr/lib/libcmph.dylib
0x000000001c74a000 	/System/Library/PrivateFrameworks/LanguageModeling.framework/Versions/A/LanguageModeling
0x000000001c74a000 	/System/Library/PrivateFrameworks/CoreEmoji.framework/Versions/A/CoreEmoji
0x000000001c74a000 	/System/Library/Frameworks/ServiceManagement.framework/Versions/A/ServiceManagement
0x000000001c74a000 	/System/Library/PrivateFrameworks/BackgroundTaskManagement.framework/Versions/A/BackgroundTaskManagement
0x000000001c74a000 	/usr/lib/libxslt.1.dylib
0x000000001c74a000 	/System/Library/Frameworks/Carbon.framework/Versions/A/Frameworks/Ink.framework/Versions/A/Ink
0x000000001c74a000 	/System/Library/PrivateFrameworks/TextureIO.framework/Versions/A/TextureIO
0x000000001c74a000 	/usr/lib/libate.dylib
0x000000001c74a000 	/System/Library/PrivateFrameworks/CrashReporterSupport.framework/Versions/A/CrashReporterSupport
0x000000001c74a000 	/System/Library/PrivateFrameworks/Sharing.framework/Versions/A/Sharing
0x000000001c74a000 	/System/Library/PrivateFrameworks/IconServices.framework/Versions/A/IconServices
0x000000001c74a000 	/System/Library/PrivateFrameworks/Apple80211.framework/Versions/A/Apple80211
0x000000001c74a000 	/System/Library/PrivateFrameworks/CoreUtils.framework/Versions/A/CoreUtils
0x000000001c74a000 	/System/Library/Frameworks/CoreWLAN.framework/Versions/A/CoreWLAN
0x000000001c74a000 	/System/Library/Frameworks/IOBluetooth.framework/Versions/A/IOBluetooth
0x000000001c74a000 	/System/Library/PrivateFrameworks/ProtocolBuffer.framework/Versions/A/ProtocolBuffer
0x000000001c74a000 	/System/Library/PrivateFrameworks/CoreWiFi.framework/Versions/A/CoreWiFi
0x000000001c74a000 	/System/Library/Frameworks/CoreBluetooth.framework/Versions/A/CoreBluetooth
0x000000001c74a000 	/System/Library/PrivateFrameworks/DebugSymbols.framework/Versions/A/DebugSymbols
0x000000001c74a000 	/System/Library/PrivateFrameworks/CoreSymbolication.framework/Versions/A/CoreSymbolication
0x000000001c74a000 	/System/Library/PrivateFrameworks/Symbolication.framework/Versions/A/Symbolication
0x000000001c74a000 	/System/Library/PrivateFrameworks/AppleFSCompression.framework/Versions/A/AppleFSCompression
0x000000001c74a000 	/System/Library/PrivateFrameworks/SpeechRecognitionCore.framework/Versions/A/SpeechRecognitionCore
0x0000000101600000 	/Applications/Android Studio.app/Contents/jre/jdk/Contents/Home/jre/lib/server/libjvm.dylib
0x000000001c74a000 	/usr/lib/libstdc++.6.0.9.dylib
0x00000001007ae000 	/Applications/Android Studio.app/Contents/jre/jdk/Contents/Home/jre/lib/libverify.dylib
0x00000001007ba000 	/Applications/Android Studio.app/Contents/jre/jdk/Contents/Home/jre/lib/libjava.dylib
0x0000000100838000 	/Applications/Android Studio.app/Contents/jre/jdk/Contents/Home/jre/lib/libzip.dylib
0x0000000116c36000 	/Applications/Android Studio.app/Contents/jre/jdk/Contents/Home/jre/lib/libnet.dylib
0x0000000116c95000 	/Applications/Android Studio.app/Contents/jre/jdk/Contents/Home/jre/lib/libnio.dylib
0x0000000116ca5000 	/Users/eric/.gradle/native/19/osx-amd64/libnative-platform.dylib
0x000000011705b000 	/Applications/Android Studio.app/Contents/jre/jdk/Contents/Home/jre/lib/libmanagement.dylib
0x000000011752c000 	/Applications/Android Studio.app/Contents/jre/jdk/Contents/Home/jre/lib/libsunec.dylib

VM Arguments:
jvm_args: -XX:MaxPermSize=256m -XX:+HeapDumpOnOutOfMemoryError -Xmx1024m -Dfile.encoding=UTF-8 -Duser.country=BR -Duser.language=en -Duser.variant 
java_command: org.gradle.launcher.daemon.bootstrap.GradleDaemon 2.14.1
java_class_path (initial): /Users/eric/.gradle/wrapper/dists/gradle-2.14.1-all/8bnwg5hd3w55iofp58khbp6yv/gradle-2.14.1/lib/gradle-launcher-2.14.1.jar
Launcher Type: SUN_STANDARD

Environment Variables:
PATH=/usr/bin:/bin:/usr/sbin:/sbin
SHELL=/bin/bash

Signal Handlers:
SIGSEGV: [libjvm.dylib+0x53f567], sa_mask[0]=11111111011111110111111111111111, sa_flags=SA_ONSTACK|SA_RESTART|SA_SIGINFO
SIGBUS: [libjvm.dylib+0x53f567], sa_mask[0]=11111111011111110111111111111111, sa_flags=SA_RESTART|SA_SIGINFO
SIGFPE: [libjvm.dylib+0x437adf], sa_mask[0]=11111111011111110111111111111111, sa_flags=SA_RESTART|SA_SIGINFO
SIGPIPE: [libjvm.dylib+0x437adf], sa_mask[0]=11111111011111110111111111111111, sa_flags=SA_RESTART|SA_SIGINFO
SIGXFSZ: [libjvm.dylib+0x437adf], sa_mask[0]=11111111011111110111111111111111, sa_flags=SA_RESTART|SA_SIGINFO
SIGILL: [libjvm.dylib+0x437adf], sa_mask[0]=11111111011111110111111111111111, sa_flags=SA_RESTART|SA_SIGINFO
SIGUSR1: SIG_DFL, sa_mask[0]=00000000000000000000000000000000, sa_flags=none
SIGUSR2: [libjvm.dylib+0x438404], sa_mask[0]=00100000000000000000000000000000, sa_flags=SA_RESTART|SA_SIGINFO
SIGHUP: [libjvm.dylib+0x4365f9], sa_mask[0]=11111111011111110111111111111111, sa_flags=SA_RESTART|SA_SIGINFO
SIGINT: [libjvm.dylib+0x4365f9], sa_mask[0]=11111111011111110111111111111111, sa_flags=SA_RESTART|SA_SIGINFO
SIGTERM: [libjvm.dylib+0x4365f9], sa_mask[0]=11111111011111110111111111111111, sa_flags=SA_RESTART|SA_SIGINFO
SIGQUIT: [libjvm.dylib+0x4365f9], sa_mask[0]=11111111011111110111111111111111, sa_flags=SA_RESTART|SA_SIGINFO


---------------  S Y S T E M  ---------------

OS:Bsduname:Darwin 17.5.0 Darwin Kernel Version 17.5.0: Fri Apr 13 19:32:32 PDT 2018; root:xnu-4570.51.2~1/RELEASE_X86_64 x86_64
rlimit: STACK 8192k, CORE 0k, NPROC 709, NOFILE 10240, AS infinity
load average:2.73 2.78 2.68

CPU:total 4 (initial active 4) (2 cores per cpu, 2 threads per core) family 6 model 42 stepping 7, cmov, cx8, fxsr, mmx, sse, sse2, sse3, ssse3, sse4.1, sse4.2, popcnt, avx, aes, clmul, ht, tsc, tscinvbit

Memory: 4k page, physical 8388608k(19700k free)

/proc/meminfo:


vm_info: OpenJDK 64-Bit Server VM (25.152-b01) for bsd-amd64 JRE (1.8.0_152-release-1024-b01), built by "builder" with gcc 4.2.1 Compatible Apple LLVM 8.1.0 (clang-802.0.42)

time: Wed Jul  4 18:33:37 2018
elapsed time: 1132 seconds (0d 0h 18m 52s)

